TN:
SF:zalando-puppeteer.js
FN:3,extractProductImage
FN:16,(anonymous_1)
FN:26,(anonymous_2)
FN:30,(anonymous_3)
FNF:4
FNH:1
FNDA:2,extractProductImage
FNDA:0,(anonymous_1)
FNDA:0,(anonymous_2)
FNDA:0,(anonymous_3)
DA:1,1
DA:5,2
DA:6,2
DA:7,2
DA:8,2
DA:9,2
DA:13,2
DA:14,2
DA:16,2
DA:17,0
DA:18,0
DA:21,2
DA:22,1
DA:26,1
DA:27,0
DA:28,0
DA:29,0
DA:30,0
DA:31,0
DA:32,0
DA:33,0
DA:34,0
DA:37,0
DA:40,1
DA:42,0
DA:43,0
DA:45,2
DA:46,2
DA:51,1
LF:29
LH:16
BRDA:18,0,0,0
BRDA:18,0,1,0
BRDA:21,1,0,1
BRDA:21,1,1,1
BRDA:31,2,0,0
BRDA:31,2,1,0
BRDA:31,3,0,0
BRDA:31,3,1,0
BRDA:32,4,0,0
BRDA:32,4,1,0
BRDA:32,5,0,0
BRDA:32,5,1,0
BRDA:32,5,2,0
BRDA:45,6,0,2
BRDA:45,6,1,0
BRF:15
BRH:3
end_of_record
